2022-10-22 09:20:39.581 [main] INFO  com.emothep.esb.ISPackage - C:\softwareag\IntegrationServer\instances\default\packages
2022-10-22 09:20:39.585 [main] INFO  com.emothep.esb.ISPackage - C:\softwareag\IntegrationServer\instances\default\packages
2022-10-22 09:20:39.587 [main] INFO  com.emothep.esb.ISPackage - C:\softwareag\IntegrationServer\instances\default\packages\EmothepTest
2022-10-22 09:20:39.587 [main] INFO  com.emothep.esb.ISPackage - C:\softwareag\IntegrationServer\instances\default\packages\EmothepTest
2022-10-22 09:20:39.589 [main] INFO  com.emothep.esb.ISPackage - C:\softwareag\IntegrationServer\instances\default\packages\WmPublic
2022-10-22 09:20:39.589 [main] INFO  com.emothep.esb.ISPackage - C:\softwareag\IntegrationServer\instances\default\packages\WmPublic
2022-10-22 09:20:39.591 [main] INFO  com.emothep.esb.ISPackage - C:\softwareag\IntegrationServer\instances\default\packages\WmRoot
2022-10-22 09:20:39.591 [main] INFO  com.emothep.esb.ISPackage - C:\softwareag\IntegrationServer\instances\default\packages\WmRoot
2022-10-22 09:20:39.592 [main] INFO  com.emothep.esb.ISPackage - C:\softwareag\IntegrationServer\instances\default\packages\Zz_GDS
2022-10-22 09:20:39.592 [main] INFO  com.emothep.esb.ISPackage - C:\softwareag\IntegrationServer\instances\default\packages\Zz_GDS
2022-10-22 09:23:25.776 [main] INFO  com.emothep.esb.ISPackage - C:\softwareag\IntegrationServer\instances\default\packages
2022-10-22 09:23:25.780 [main] INFO  com.emothep.esb.ISPackage - C:\softwareag\IntegrationServer\instances\default\packages
2022-10-22 09:23:25.781 [main] INFO  com.emothep.esb.ISPackage - C:\softwareag\IntegrationServer\instances\default\packages\EmothepTest
2022-10-22 09:23:25.782 [main] INFO  com.emothep.esb.ISPackage - C:\softwareag\IntegrationServer\instances\default\packages\EmothepTest
2022-10-22 09:23:25.783 [main] INFO  com.emothep.esb.ISPackage - C:\softwareag\IntegrationServer\instances\default\packages\WmPublic
2022-10-22 09:23:25.784 [main] INFO  com.emothep.esb.ISPackage - C:\softwareag\IntegrationServer\instances\default\packages\WmPublic
2022-10-22 09:23:25.785 [main] INFO  com.emothep.esb.ISPackage - C:\softwareag\IntegrationServer\instances\default\packages\WmRoot
2022-10-22 09:23:25.785 [main] INFO  com.emothep.esb.ISPackage - C:\softwareag\IntegrationServer\instances\default\packages\WmRoot
2022-10-22 09:23:25.786 [main] INFO  com.emothep.esb.ISPackage - C:\softwareag\IntegrationServer\instances\default\packages\Zz_GDS
2022-10-22 09:23:25.787 [main] INFO  com.emothep.esb.ISPackage - C:\softwareag\IntegrationServer\instances\default\packages\Zz_GDS
2022-10-22 09:29:47.699 [main] INFO  com.emothep.esb.ISPackage - C:\softwareag\IntegrationServer\instances\default\packages
2022-10-22 09:29:47.703 [main] INFO  com.emothep.esb.ISPackage - C:\softwareag\IntegrationServer\instances\default\packages
2022-10-22 09:29:47.704 [main] INFO  com.emothep.esb.ISPackage - C:\softwareag\IntegrationServer\instances\default\packages\EmothepTest
2022-10-22 09:29:47.705 [main] INFO  com.emothep.esb.ISPackage - C:\softwareag\IntegrationServer\instances\default\packages\EmothepTest
2022-10-22 09:29:47.706 [main] INFO  com.emothep.esb.ISPackage - C:\softwareag\IntegrationServer\instances\default\packages\EmothepTest2
2022-10-22 09:29:47.707 [main] INFO  com.emothep.esb.ISPackage - C:\softwareag\IntegrationServer\instances\default\packages\EmothepTest2
2022-10-22 09:29:47.708 [main] INFO  com.emothep.esb.ISPackage - C:\softwareag\IntegrationServer\instances\default\packages\WmPublic
2022-10-22 09:29:47.708 [main] INFO  com.emothep.esb.ISPackage - C:\softwareag\IntegrationServer\instances\default\packages\WmPublic
2022-10-22 09:29:47.709 [main] INFO  com.emothep.esb.ISPackage - C:\softwareag\IntegrationServer\instances\default\packages\WmRoot
2022-10-22 09:29:47.710 [main] INFO  com.emothep.esb.ISPackage - C:\softwareag\IntegrationServer\instances\default\packages\WmRoot
2022-10-22 09:29:47.711 [main] INFO  com.emothep.esb.ISPackage - C:\softwareag\IntegrationServer\instances\default\packages\Zz_GDS
2022-10-22 09:29:47.711 [main] INFO  com.emothep.esb.ISPackage - C:\softwareag\IntegrationServer\instances\default\packages\Zz_GDS
2022-10-22 09:30:05.000 [main] INFO  com.emothep.esb.ISPackage - C:\softwareag\IntegrationServer\instances\default\packages
2022-10-22 09:30:05.004 [main] INFO  com.emothep.esb.ISPackage - C:\softwareag\IntegrationServer\instances\default\packages
2022-10-22 09:30:05.006 [main] INFO  com.emothep.esb.ISPackage - C:\softwareag\IntegrationServer\instances\default\packages\EmothepTest
2022-10-22 09:30:05.006 [main] INFO  com.emothep.esb.ISPackage - C:\softwareag\IntegrationServer\instances\default\packages\EmothepTest
2022-10-22 09:30:05.007 [main] INFO  com.emothep.esb.ISPackage - C:\softwareag\IntegrationServer\instances\default\packages\EmothepTest2
2022-10-22 09:30:05.008 [main] INFO  com.emothep.esb.ISPackage - C:\softwareag\IntegrationServer\instances\default\packages\EmothepTest2
2022-10-22 09:30:05.009 [main] INFO  com.emothep.esb.ISPackage - C:\softwareag\IntegrationServer\instances\default\packages\WmPublic
2022-10-22 09:30:05.009 [main] INFO  com.emothep.esb.ISPackage - C:\softwareag\IntegrationServer\instances\default\packages\WmPublic
2022-10-22 09:30:05.010 [main] INFO  com.emothep.esb.ISPackage - C:\softwareag\IntegrationServer\instances\default\packages\WmRoot
2022-10-22 09:30:05.011 [main] INFO  com.emothep.esb.ISPackage - C:\softwareag\IntegrationServer\instances\default\packages\WmRoot
2022-10-22 09:30:05.012 [main] INFO  com.emothep.esb.ISPackage - C:\softwareag\IntegrationServer\instances\default\packages\Zz_GDS
2022-10-22 09:30:05.013 [main] INFO  com.emothep.esb.ISPackage - C:\softwareag\IntegrationServer\instances\default\packages\Zz_GDS
2022-10-22 09:37:59.020 [main] INFO  com.emothep.esb.ISPackage - C:\softwareag\IntegrationServer\instances\default\packages
2022-10-22 09:37:59.024 [main] INFO  com.emothep.esb.ISPackage - C:\softwareag\IntegrationServer\instances\default\packages
2022-10-22 09:37:59.025 [main] INFO  com.emothep.esb.ISPackage - C:\softwareag\IntegrationServer\instances\default\packages\EmothepTest
2022-10-22 09:37:59.026 [main] INFO  com.emothep.esb.ISPackage - C:\softwareag\IntegrationServer\instances\default\packages\EmothepTest
2022-10-22 09:37:59.027 [main] INFO  com.emothep.esb.ISPackage - C:\softwareag\IntegrationServer\instances\default\packages\EmothepTest2
2022-10-22 09:37:59.028 [main] INFO  com.emothep.esb.ISPackage - C:\softwareag\IntegrationServer\instances\default\packages\EmothepTest2
2022-10-22 09:37:59.029 [main] INFO  com.emothep.esb.ISPackage - C:\softwareag\IntegrationServer\instances\default\packages\WmPublic
2022-10-22 09:37:59.029 [main] INFO  com.emothep.esb.ISPackage - C:\softwareag\IntegrationServer\instances\default\packages\WmPublic
2022-10-22 09:37:59.030 [main] INFO  com.emothep.esb.ISPackage - C:\softwareag\IntegrationServer\instances\default\packages\WmRoot
2022-10-22 09:37:59.031 [main] INFO  com.emothep.esb.ISPackage - C:\softwareag\IntegrationServer\instances\default\packages\WmRoot
2022-10-22 09:37:59.032 [main] INFO  com.emothep.esb.ISPackage - C:\softwareag\IntegrationServer\instances\default\packages\Zz_GDS
2022-10-22 09:37:59.033 [main] INFO  com.emothep.esb.ISPackage - C:\softwareag\IntegrationServer\instances\default\packages\Zz_GDS
2022-10-22 13:23:12.593 [main] INFO  com.emothep.esb.ISPackage - C:\softwareag\IntegrationServer\instances\default\packages
2022-10-22 13:23:12.604 [main] INFO  com.emothep.esb.ISPackage - C:\softwareag\IntegrationServer\instances\default\packages
2022-10-22 13:23:12.607 [main] INFO  com.emothep.esb.ISPackage - C:\softwareag\IntegrationServer\instances\default\packages\EmothepTest
2022-10-22 13:23:12.609 [main] INFO  com.emothep.esb.ISPackage - C:\softwareag\localPackage\emothepTest\asset\IS\Package\EmothepTest
2022-10-22 13:23:12.612 [main] INFO  com.emothep.esb.ISPackage - C:\softwareag\IntegrationServer\instances\default\packages\EmothepTest2
2022-10-22 13:23:12.613 [main] INFO  com.emothep.esb.ISPackage - C:\softwareag\IntegrationServer\instances\default\packages\EmothepTest2
2022-10-22 13:23:12.614 [main] INFO  com.emothep.esb.ISPackage - C:\softwareag\IntegrationServer\instances\default\packages\WmPublic
2022-10-22 13:23:12.615 [main] INFO  com.emothep.esb.ISPackage - C:\softwareag\IntegrationServer\instances\default\packages\WmPublic
2022-10-22 13:23:12.616 [main] INFO  com.emothep.esb.ISPackage - C:\softwareag\IntegrationServer\instances\default\packages\WmRoot
2022-10-22 13:23:12.618 [main] INFO  com.emothep.esb.ISPackage - C:\softwareag\IntegrationServer\instances\default\packages\WmRoot
2022-10-22 13:23:12.619 [main] INFO  com.emothep.esb.ISPackage - C:\softwareag\IntegrationServer\instances\default\packages\Zz_GDS
2022-10-22 13:23:12.620 [main] INFO  com.emothep.esb.ISPackage - C:\softwareag\IntegrationServer\instances\default\packages\Zz_GDS
